[05-Feb-2021 19:50:50 Europe/Kiev] Hello Log
[05-Feb-2021 19:50:51 Europe/Kiev] Hello Log
[05-Feb-2021 20:17:51 Europe/Kiev] PHP Warning:  include_once(C:\xampp\htdocs\peculiar.cms/app/Controllers/CatelogController.php): Failed to open stream: No such file or directory in C:\xampp\htdocs\peculiar.cms\bootstrap\app.php on line 60
[05-Feb-2021 20:17:51 Europe/Kiev] PHP Warning:  include_once(): Failed opening 'C:\xampp\htdocs\peculiar.cms/app/Controllers/CatelogController.php' for inclusion (include_path='C:\xampp\php\PEAR') in C:\xampp\htdocs\peculiar.cms\bootstrap\app.php on line 60
[05-Feb-2021 20:24:02 Europe/Kiev] <h1>404: Oops, Page not found!</h1>
[05-Feb-2021 20:24:07 Europe/Kiev] <h1>404: Oops, Page not found!</h1>
[05-Feb-2021 20:24:17 Europe/Kiev] <h1>404: Oops, Page not found!</h1>
[05-Feb-2021 20:24:18 Europe/Kiev] <h1>404: Oops, Page not found!</h1>
[05-Feb-2021 20:24:50 Europe/Kiev] <h1>404: Oops, Page not found!</h1>
[05-Feb-2021 20:26:30 Europe/Kiev] <h1>404: Oops, Page not found!</h1>
[05-Feb-2021 20:26:33 Europe/Kiev] <h1>404: Oops, Page not found!</h1>
[05-Feb-2021 20:26:34 Europe/Kiev] <h1>404: Oops, Page not found!</h1>
[05-Feb-2021 20:26:36 Europe/Kiev] <h1>404: Oops, Page not found!</h1>
[05-Feb-2021 20:29:04 Europe/Kiev] <h1>404: Oops, Page not found!</h1>
[05-Feb-2021 20:29:09 Europe/Kiev] <h1>404: Oops, Page not found!</h1>
[05-Feb-2021 20:29:09 Europe/Kiev] <h1>404: Oops, Page not found!</h1>
[05-Feb-2021 20:29:54 Europe/Kiev] <h1>404: Oops, Page not found!</h1>
[05-Feb-2021 20:29:55 Europe/Kiev] <h1>404: Oops, Page not found!</h1>
[05-Feb-2021 20:30:46 Europe/Kiev] <h1>404: Oops, Page not found!</h1>
[05-Feb-2021 20:30:47 Europe/Kiev] <h1>404: Oops, Page not found!</h1>
[05-Feb-2021 20:37:21 Europe/Kiev] <h1>404: Oops, Page not found!</h1>
[05-Feb-2021 20:37:23 Europe/Kiev] <h1>404: Oops, Page not found!</h1>
[05-Feb-2021 20:40:20 Europe/Kiev] PHP Warning:  require_once(C:\xampp\htdocs\peculiar.cms/app/Views/layouts/partials/site/newsetter.php): Failed to open stream: No such file or directory in C:\xampp\htdocs\peculiar.cms\app\Views\contact\index.php on line 64
[05-Feb-2021 20:40:20 Europe/Kiev] PHP Fatal error:  Uncaught Error: Failed opening required 'C:\xampp\htdocs\peculiar.cms/app/Views/layouts/partials/site/newsetter.php' (include_path='C:\xampp\php\PEAR') in C:\xampp\htdocs\peculiar.cms\app\Views\contact\index.php:64
Stack trace:
#0 C:\xampp\htdocs\peculiar.cms\bootstrap\app.php(18): require_once()
#1 C:\xampp\htdocs\peculiar.cms\bootstrap\app.php(10): renderView('contact/index')
#2 C:\xampp\htdocs\peculiar.cms\app\Controllers\ContactController.php(3): render('contact/index')
#3 C:\xampp\htdocs\peculiar.cms\bootstrap\app.php(61): include_once('C:\\xampp\\htdocs...')
#4 C:\xampp\htdocs\peculiar.cms\public\index.php(1): require_once('C:\\xampp\\htdocs...')
#5 {main}
  thrown in C:\xampp\htdocs\peculiar.cms\app\Views\contact\index.php on line 64
[05-Feb-2021 20:40:20 Europe/Kiev] <h1>404: Oops, Page not found!</h1>
[05-Feb-2021 20:40:49 Europe/Kiev] PHP Warning:  require_once(C:\xampp\htdocs\peculiar.cms/app/Views/layouts/partials/site/newletter.php): Failed to open stream: No such file or directory in C:\xampp\htdocs\peculiar.cms\app\Views\contact\index.php on line 64
[05-Feb-2021 20:40:49 Europe/Kiev] PHP Fatal error:  Uncaught Error: Failed opening required 'C:\xampp\htdocs\peculiar.cms/app/Views/layouts/partials/site/newletter.php' (include_path='C:\xampp\php\PEAR') in C:\xampp\htdocs\peculiar.cms\app\Views\contact\index.php:64
Stack trace:
#0 C:\xampp\htdocs\peculiar.cms\bootstrap\app.php(18): require_once()
#1 C:\xampp\htdocs\peculiar.cms\bootstrap\app.php(10): renderView('contact/index')
#2 C:\xampp\htdocs\peculiar.cms\app\Controllers\ContactController.php(3): render('contact/index')
#3 C:\xampp\htdocs\peculiar.cms\bootstrap\app.php(61): include_once('C:\\xampp\\htdocs...')
#4 C:\xampp\htdocs\peculiar.cms\public\index.php(1): require_once('C:\\xampp\\htdocs...')
#5 {main}
  thrown in C:\xampp\htdocs\peculiar.cms\app\Views\contact\index.php on line 64
[05-Feb-2021 20:40:50 Europe/Kiev] <h1>404: Oops, Page not found!</h1>
[05-Feb-2021 20:41:08 Europe/Kiev] <h1>404: Oops, Page not found!</h1>
[05-Feb-2021 20:41:46 Europe/Kiev] <h1>404: Oops, Page not found!</h1>
[05-Feb-2021 20:41:54 Europe/Kiev] <h1>404: Oops, Page not found!</h1>
[05-Feb-2021 20:41:58 Europe/Kiev] <h1>404: Oops, Page not found!</h1>
[05-Feb-2021 20:51:01 Europe/Kiev] <h1>404: Oops, Page not found!</h1>
[05-Feb-2021 20:51:03 Europe/Kiev] <h1>404: Oops, Page not found!</h1>
[05-Feb-2021 20:51:04 Europe/Kiev] <h1>404: Oops, Page not found!</h1>
[05-Feb-2021 20:51:08 Europe/Kiev] <h1>404: Oops, Page not found!</h1>
[05-Feb-2021 20:51:33 Europe/Kiev] <h1>404: Oops, Page not found!</h1>
[05-Feb-2021 20:53:05 Europe/Kiev] <h1>404: Oops, Page not found!</h1>
[05-Feb-2021 20:57:36 Europe/Kiev] <h1>404: Oops, Page not found!</h1>
[05-Feb-2021 20:57:38 Europe/Kiev] <h1>404: Oops, Page not found!</h1>
[05-Feb-2021 20:57:39 Europe/Kiev] <h1>404: Oops, Page not found!</h1>
[05-Feb-2021 20:57:41 Europe/Kiev] <h1>404: Oops, Page not found!</h1>
[05-Feb-2021 20:57:43 Europe/Kiev] <h1>404: Oops, Page not found!</h1>
[05-Feb-2021 20:57:46 Europe/Kiev] <h1>404: Oops, Page not found!</h1>
[05-Feb-2021 20:58:04 Europe/Kiev] <h1>404: Oops, Page not found!</h1>
[05-Feb-2021 20:58:05 Europe/Kiev] <h1>404: Oops, Page not found!</h1>
[05-Feb-2021 20:58:06 Europe/Kiev] <h1>404: Oops, Page not found!</h1>
[05-Feb-2021 20:58:08 Europe/Kiev] <h1>404: Oops, Page not found!</h1>
[05-Feb-2021 20:58:30 Europe/Kiev] <h1>404: Oops, Page not found!</h1>
[05-Feb-2021 21:00:37 Europe/Kiev] <h1>404: Oops, Page not found!</h1>
[05-Feb-2021 21:00:39 Europe/Kiev] <h1>404: Oops, Page not found!</h1>
[05-Feb-2021 21:07:44 Europe/Kiev] <h1>404: Oops, Page not found!</h1>
[08-Feb-2021 18:42:37 Europe/Kiev] <h1>404: Oops, Page not found!</h1>
[08-Feb-2021 18:42:40 Europe/Kiev] <h1>404: Oops, Page not found!</h1>
[08-Feb-2021 19:16:31 Europe/Kiev] <h1>404: Oops, Page not found!</h1>
[08-Feb-2021 19:47:17 Europe/Kiev] <h1>404: Oops, Page not found!</h1>
[08-Feb-2021 19:51:09 Europe/Kiev] <h1>404: Oops, Page not found!</h1>
[08-Feb-2021 19:51:10 Europe/Kiev] <h1>404: Oops, Page not found!</h1>
[08-Feb-2021 20:52:40 Europe/Kiev] PHP Warning:  Undefined array key 0 in C:\xampp\htdocs\peculiar.cms\app\Controllers\ContactController.php on line 3
[08-Feb-2021 20:54:52 Europe/Kiev] PHP Warning:  Undefined array key 0 in C:\xampp\htdocs\peculiar.cms\app\Controllers\Admin\ContactController.php on line 6
[08-Feb-2021 20:54:52 Europe/Kiev] PHP Warning:  Trying to access array offset on value of type null in C:\xampp\htdocs\peculiar.cms\app\Controllers\Admin\ContactController.php on line 38
[08-Feb-2021 20:54:52 Europe/Kiev] PHP Warning:  Trying to access array offset on value of type null in C:\xampp\htdocs\peculiar.cms\app\Controllers\Admin\ContactController.php on line 44
[08-Feb-2021 20:54:52 Europe/Kiev] PHP Warning:  Trying to access array offset on value of type null in C:\xampp\htdocs\peculiar.cms\app\Controllers\Admin\ContactController.php on line 50
[08-Feb-2021 20:54:52 Europe/Kiev] PHP Warning:  Trying to access array offset on value of type null in C:\xampp\htdocs\peculiar.cms\app\Controllers\Admin\ContactController.php on line 56
[08-Feb-2021 20:54:52 Europe/Kiev] PHP Warning:  Trying to access array offset on value of type null in C:\xampp\htdocs\peculiar.cms\app\Controllers\Admin\ContactController.php on line 61
[10-Feb-2021 18:37:47 Europe/Kiev] <h1>404: Oops, Page not found!</h1>
[12-Feb-2021 18:36:06 Europe/Kiev] <h1>404: Oops, Page not found!</h1>
[12-Feb-2021 19:39:46 Europe/Kiev] PHP Warning:  Undefined variable $eroors in C:\xampp\htdocs\peculiar.cms\app\Controllers\ContactController.php on line 54
[12-Feb-2021 20:39:21 Europe/Kiev] PHP Warning:  Undefined variable $title in C:\xampp\htdocs\peculiar.cms\app\Controllers\Admin\ContactController.php on line 34
[15-Feb-2021 18:22:53 Europe/Kiev] <h1>404: Oops, Page not found!</h1>
[15-Feb-2021 20:02:25 Europe/Kiev] PHP Fatal error:  Uncaught Error: Class "HomeController" not found in C:\xampp\htdocs\peculiar.cms\bootstrap\app.php:104
Stack trace:
#0 C:\xampp\htdocs\peculiar.cms\public\index.php(1): require_once()
#1 {main}
  thrown in C:\xampp\htdocs\peculiar.cms\bootstrap\app.php on line 104
[15-Feb-2021 20:08:15 Europe/Kiev] PHP Fatal error:  Uncaught Error: Class "Admin\DashboardController" not found in C:\xampp\htdocs\peculiar.cms\bootstrap\app.php:104
Stack trace:
#0 C:\xampp\htdocs\peculiar.cms\public\index.php(1): require_once()
#1 {main}
  thrown in C:\xampp\htdocs\peculiar.cms\bootstrap\app.php on line 104
[15-Feb-2021 20:09:36 Europe/Kiev] PHP Fatal error:  Uncaught Error: Class "Admin\DashboardController" not found in C:\xampp\htdocs\peculiar.cms\bootstrap\app.php:104
Stack trace:
#0 C:\xampp\htdocs\peculiar.cms\public\index.php(1): require_once()
#1 {main}
  thrown in C:\xampp\htdocs\peculiar.cms\bootstrap\app.php on line 104
[15-Feb-2021 20:40:59 Europe/Kiev] PHP Warning:  include_once(C:\xampp\htdocs\peculiar.cms/app/Controllers/Admin/.php): Failed to open stream: No such file or directory in C:\xampp\htdocs\peculiar.cms\bootstrap\app.php on line 119
[15-Feb-2021 20:40:59 Europe/Kiev] PHP Warning:  include_once(): Failed opening 'C:\xampp\htdocs\peculiar.cms/app/Controllers/Admin/.php' for inclusion (include_path='C:\xampp\php\PEAR') in C:\xampp\htdocs\peculiar.cms\bootstrap\app.php on line 119
[15-Feb-2021 20:40:59 Europe/Kiev] PHP Fatal error:  Uncaught Error: Class name must be a valid object or a string in C:\xampp\htdocs\peculiar.cms\bootstrap\app.php:121
Stack trace:
#0 C:\xampp\htdocs\peculiar.cms\public\index.php(1): require_once()
#1 {main}
  thrown in C:\xampp\htdocs\peculiar.cms\bootstrap\app.php on line 121
[15-Feb-2021 20:42:13 Europe/Kiev] PHP Warning:  include_once(C:\xampp\htdocs\peculiar.cms/app/Controllers/Admin/.php): Failed to open stream: No such file or directory in C:\xampp\htdocs\peculiar.cms\bootstrap\app.php on line 119
[15-Feb-2021 20:42:13 Europe/Kiev] PHP Warning:  include_once(): Failed opening 'C:\xampp\htdocs\peculiar.cms/app/Controllers/Admin/.php' for inclusion (include_path='C:\xampp\php\PEAR') in C:\xampp\htdocs\peculiar.cms\bootstrap\app.php on line 119
[15-Feb-2021 20:42:13 Europe/Kiev] PHP Fatal error:  Uncaught Error: Class name must be a valid object or a string in C:\xampp\htdocs\peculiar.cms\bootstrap\app.php:121
Stack trace:
#0 C:\xampp\htdocs\peculiar.cms\public\index.php(1): require_once()
#1 {main}
  thrown in C:\xampp\htdocs\peculiar.cms\bootstrap\app.php on line 121
[15-Feb-2021 20:42:51 Europe/Kiev] PHP Warning:  include_once(C:\xampp\htdocs\peculiar.cms/app/Controllers/Admin/.php): Failed to open stream: No such file or directory in C:\xampp\htdocs\peculiar.cms\bootstrap\app.php on line 119
[15-Feb-2021 20:42:51 Europe/Kiev] PHP Warning:  include_once(): Failed opening 'C:\xampp\htdocs\peculiar.cms/app/Controllers/Admin/.php' for inclusion (include_path='C:\xampp\php\PEAR') in C:\xampp\htdocs\peculiar.cms\bootstrap\app.php on line 119
[15-Feb-2021 20:42:51 Europe/Kiev] PHP Fatal error:  Uncaught Error: Class name must be a valid object or a string in C:\xampp\htdocs\peculiar.cms\bootstrap\app.php:121
Stack trace:
#0 C:\xampp\htdocs\peculiar.cms\public\index.php(1): require_once()
#1 {main}
  thrown in C:\xampp\htdocs\peculiar.cms\bootstrap\app.php on line 121
[15-Feb-2021 21:02:17 Europe/Kiev] <h1>404: Oops, Page not found!</h1>
[15-Feb-2021 21:03:13 Europe/Kiev] PHP Fatal error:  Uncaught Error: Class "ContactController" not found in C:\xampp\htdocs\peculiar.cms\bootstrap\app.php:120
Stack trace:
#0 C:\xampp\htdocs\peculiar.cms\public\index.php(1): require_once()
#1 {main}
  thrown in C:\xampp\htdocs\peculiar.cms\bootstrap\app.php on line 120
[15-Feb-2021 21:10:00 Europe/Kiev] PHP Fatal error:  Uncaught Error: Class "ContactController" not found in C:\xampp\htdocs\peculiar.cms\bootstrap\app.php:120
Stack trace:
#0 C:\xampp\htdocs\peculiar.cms\public\index.php(1): require_once()
#1 {main}
  thrown in C:\xampp\htdocs\peculiar.cms\bootstrap\app.php on line 120
[15-Feb-2021 21:10:09 Europe/Kiev] PHP Fatal error:  Uncaught Error: Class "ContactController" not found in C:\xampp\htdocs\peculiar.cms\bootstrap\app.php:120
Stack trace:
#0 C:\xampp\htdocs\peculiar.cms\public\index.php(1): require_once()
#1 {main}
  thrown in C:\xampp\htdocs\peculiar.cms\bootstrap\app.php on line 120
[17-Feb-2021 18:26:10 Europe/Kiev] <h1>404: Oops, Page not found!</h1>
[17-Feb-2021 18:26:18 Europe/Kiev] <h1>404: Oops, Page not found!</h1>
[17-Feb-2021 20:37:30 Europe/Kiev] <h1>404: Oops, Page not found!</h1>
[17-Feb-2021 20:37:31 Europe/Kiev] <h1>404: Oops, Page not found!</h1>
[17-Feb-2021 20:37:46 Europe/Kiev] <h1>404: Oops, Page not found!</h1>
[17-Feb-2021 20:39:22 Europe/Kiev] <h1>404: Oops, Page not found!</h1>
[17-Feb-2021 20:39:24 Europe/Kiev] <h1>404: Oops, Page not found!</h1>
[17-Feb-2021 20:51:05 Europe/Kiev] <h1>404: Oops, Page not found!</h1>
[17-Feb-2021 20:51:41 Europe/Kiev] <h1>404: Oops, Page not found!</h1>
[17-Feb-2021 20:59:19 Europe/Kiev] <h1>404: Oops, Page not found!</h1>
[17-Feb-2021 20:59:43 Europe/Kiev] <h1>404: Oops, Page not found!</h1>
[17-Feb-2021 20:59:56 Europe/Kiev] <h1>404: Oops, Page not found!</h1>
[17-Feb-2021 21:00:06 Europe/Kiev] <h1>404: Oops, Page not found!</h1>
[19-Feb-2021 19:37:12 Europe/Kiev] <h1>404: Oops, Page not found!</h1>
[19-Feb-2021 19:38:43 Europe/Kiev] <h1>404: Oops, Page not found!</h1>
[19-Feb-2021 19:41:35 Europe/Kiev] <h1>404: Oops, Page not found!</h1>
[19-Feb-2021 19:42:09 Europe/Kiev] <h1>404: Oops, Page not found!</h1>
[19-Feb-2021 19:43:08 Europe/Kiev] <h1>404: Oops, Page not found!</h1>
[19-Feb-2021 19:45:26 Europe/Kiev] <h1>404: Oops, Page not found!</h1>
[19-Feb-2021 19:45:28 Europe/Kiev] PHP Fatal error:  Uncaught ArgumentCountError: Too few arguments to function Controller::__construct(), 0 passed in C:\xampp\htdocs\peculiar.cms\bootstrap\app.php on line 120 and exactly 1 expected in C:\xampp\htdocs\peculiar.cms\core\Controller.php:9
Stack trace:
#0 C:\xampp\htdocs\peculiar.cms\bootstrap\app.php(120): Controller->__construct()
#1 C:\xampp\htdocs\peculiar.cms\public\index.php(1): require_once('C:\\xampp\\htdocs...')
#2 {main}
  thrown in C:\xampp\htdocs\peculiar.cms\core\Controller.php on line 9
[19-Feb-2021 19:45:30 Europe/Kiev] <h1>404: Oops, Page not found!</h1>
[19-Feb-2021 19:46:20 Europe/Kiev] <h1>404: Oops, Page not found!</h1>
[19-Feb-2021 19:46:27 Europe/Kiev] <h1>404: Oops, Page not found!</h1>
[19-Feb-2021 19:48:52 Europe/Kiev] <h1>404: Oops, Page not found!</h1>
[19-Feb-2021 19:48:52 Europe/Kiev] PHP Fatal error:  Uncaught Error: Call to undefined function render() in C:\xampp\htdocs\peculiar.cms\bootstrap\app.php:119
Stack trace:
#0 C:\xampp\htdocs\peculiar.cms\bootstrap\app.php(125): error('<h1>404: Oops, ...')
#1 C:\xampp\htdocs\peculiar.cms\public\index.php(1): require_once('C:\\xampp\\htdocs...')
#2 {main}
  thrown in C:\xampp\htdocs\peculiar.cms\bootstrap\app.php on line 119
[19-Feb-2021 20:53:18 Europe/Kiev] PHP Warning:  Undefined variable $title in C:\xampp\htdocs\peculiar.cms\app\Views\errors\index.php on line 1
[19-Feb-2021 20:53:18 Europe/Kiev] PHP Warning:  Undefined variable $errors in C:\xampp\htdocs\peculiar.cms\app\Views\errors\index.php on line 3
[22-Feb-2021 19:45:23 Europe/Kiev] PHP Warning:  Undefined property: Router::$routes in C:\xampp\htdocs\peculiar.cms\core\Router.php on line 16
[22-Feb-2021 19:45:23 Europe/Kiev] PHP Warning:  Trying to access array offset on value of type null in C:\xampp\htdocs\peculiar.cms\core\Router.php on line 16
[22-Feb-2021 19:45:23 Europe/Kiev] PHP Fatal error:  Uncaught TypeError: Router::searchController(): Argument #1 ($path) must be of type string, null given, called in C:\xampp\htdocs\peculiar.cms\core\Router.php on line 16 and defined in C:\xampp\htdocs\peculiar.cms\core\Router.php:23
Stack trace:
#0 C:\xampp\htdocs\peculiar.cms\core\Router.php(16): Router->searchController(NULL)
#1 C:\xampp\htdocs\peculiar.cms\bootstrap\app.php(53): Router->run()
#2 C:\xampp\htdocs\peculiar.cms\public\index.php(1): require_once('C:\\xampp\\htdocs...')
#3 {main}
  thrown in C:\xampp\htdocs\peculiar.cms\core\Router.php on line 23
[22-Feb-2021 19:45:24 Europe/Kiev] PHP Warning:  Undefined variable $e in C:\xampp\htdocs\peculiar.cms\core\Router.php on line 19
[22-Feb-2021 19:45:24 Europe/Kiev] PHP Fatal error:  Uncaught Error: Call to a member function getMessage() on null in C:\xampp\htdocs\peculiar.cms\core\Router.php:19
Stack trace:
#0 C:\xampp\htdocs\peculiar.cms\bootstrap\app.php(53): Router->run()
#1 C:\xampp\htdocs\peculiar.cms\public\index.php(1): require_once('C:\\xampp\\htdocs...')
#2 {main}
  thrown in C:\xampp\htdocs\peculiar.cms\core\Router.php on line 19
[22-Feb-2021 19:45:56 Europe/Kiev] PHP Warning:  Undefined property: Router::$roures in C:\xampp\htdocs\peculiar.cms\core\Router.php on line 15
[22-Feb-2021 19:45:56 Europe/Kiev] PHP Fatal error:  Uncaught TypeError: array_key_exists(): Argument #2 ($array) must be of type array, null given in C:\xampp\htdocs\peculiar.cms\core\Router.php:15
Stack trace:
#0 C:\xampp\htdocs\peculiar.cms\bootstrap\app.php(53): Router->run()
#1 C:\xampp\htdocs\peculiar.cms\public\index.php(1): require_once('C:\\xampp\\htdocs...')
#2 {main}
  thrown in C:\xampp\htdocs\peculiar.cms\core\Router.php on line 15
[22-Feb-2021 19:45:56 Europe/Kiev] PHP Warning:  Undefined property: Router::$roures in C:\xampp\htdocs\peculiar.cms\core\Router.php on line 15
[22-Feb-2021 19:45:56 Europe/Kiev] PHP Fatal error:  Uncaught TypeError: array_key_exists(): Argument #2 ($array) must be of type array, null given in C:\xampp\htdocs\peculiar.cms\core\Router.php:15
Stack trace:
#0 C:\xampp\htdocs\peculiar.cms\bootstrap\app.php(53): Router->run()
#1 C:\xampp\htdocs\peculiar.cms\public\index.php(1): require_once('C:\\xampp\\htdocs...')
#2 {main}
  thrown in C:\xampp\htdocs\peculiar.cms\core\Router.php on line 15
[22-Feb-2021 19:46:19 Europe/Kiev] PHP Warning:  Undefined variable $e in C:\xampp\htdocs\peculiar.cms\core\Router.php on line 19
[22-Feb-2021 19:46:19 Europe/Kiev] PHP Fatal error:  Uncaught Error: Call to a member function getMessage() on null in C:\xampp\htdocs\peculiar.cms\core\Router.php:19
Stack trace:
#0 C:\xampp\htdocs\peculiar.cms\bootstrap\app.php(53): Router->run()
#1 C:\xampp\htdocs\peculiar.cms\public\index.php(1): require_once('C:\\xampp\\htdocs...')
#2 {main}
  thrown in C:\xampp\htdocs\peculiar.cms\core\Router.php on line 19
[22-Feb-2021 19:46:24 Europe/Kiev] PHP Warning:  Undefined variable $e in C:\xampp\htdocs\peculiar.cms\core\Router.php on line 19
[22-Feb-2021 19:46:24 Europe/Kiev] PHP Fatal error:  Uncaught Error: Call to a member function getMessage() on null in C:\xampp\htdocs\peculiar.cms\core\Router.php:19
Stack trace:
#0 C:\xampp\htdocs\peculiar.cms\bootstrap\app.php(53): Router->run()
#1 C:\xampp\htdocs\peculiar.cms\public\index.php(1): require_once('C:\\xampp\\htdocs...')
#2 {main}
  thrown in C:\xampp\htdocs\peculiar.cms\core\Router.php on line 19
[22-Feb-2021 19:46:26 Europe/Kiev] PHP Warning:  Undefined variable $e in C:\xampp\htdocs\peculiar.cms\core\Router.php on line 19
[22-Feb-2021 19:46:26 Europe/Kiev] PHP Fatal error:  Uncaught Error: Call to a member function getMessage() on null in C:\xampp\htdocs\peculiar.cms\core\Router.php:19
Stack trace:
#0 C:\xampp\htdocs\peculiar.cms\bootstrap\app.php(53): Router->run()
#1 C:\xampp\htdocs\peculiar.cms\public\index.php(1): require_once('C:\\xampp\\htdocs...')
#2 {main}
  thrown in C:\xampp\htdocs\peculiar.cms\core\Router.php on line 19
[22-Feb-2021 19:48:31 Europe/Kiev] PHP Warning:  Undefined variable $e in C:\xampp\htdocs\peculiar.cms\core\Router.php on line 19
[22-Feb-2021 19:48:31 Europe/Kiev] PHP Fatal error:  Uncaught Error: Call to a member function getMessage() on null in C:\xampp\htdocs\peculiar.cms\core\Router.php:19
Stack trace:
#0 C:\xampp\htdocs\peculiar.cms\bootstrap\app.php(53): Router->run()
#1 C:\xampp\htdocs\peculiar.cms\public\index.php(1): require_once('C:\\xampp\\htdocs...')
#2 {main}
  thrown in C:\xampp\htdocs\peculiar.cms\core\Router.php on line 19
[22-Feb-2021 19:48:31 Europe/Kiev] PHP Warning:  Undefined variable $e in C:\xampp\htdocs\peculiar.cms\core\Router.php on line 19
[22-Feb-2021 19:48:31 Europe/Kiev] PHP Fatal error:  Uncaught Error: Call to a member function getMessage() on null in C:\xampp\htdocs\peculiar.cms\core\Router.php:19
Stack trace:
#0 C:\xampp\htdocs\peculiar.cms\bootstrap\app.php(53): Router->run()
#1 C:\xampp\htdocs\peculiar.cms\public\index.php(1): require_once('C:\\xampp\\htdocs...')
#2 {main}
  thrown in C:\xampp\htdocs\peculiar.cms\core\Router.php on line 19
[22-Feb-2021 19:49:30 Europe/Kiev] PHP Fatal error:  Uncaught TypeError: View::render(): Argument #2 ($params) must be of type array, string given, called in C:\xampp\htdocs\peculiar.cms\core\Controller.php on line 19 and defined in C:\xampp\htdocs\peculiar.cms\core\View.php:17
Stack trace:
#0 C:\xampp\htdocs\peculiar.cms\core\Controller.php(19): View->render('errors/index', '<li>Page Not Fo...')
#1 C:\xampp\htdocs\peculiar.cms\app\Controllers\ErrorController.php(12): Controller->render('errors/index', '<li>Page Not Fo...')
#2 C:\xampp\htdocs\peculiar.cms\core\Router.php(19): ErrorController->errors('<li>Page Not Fo...')
#3 C:\xampp\htdocs\peculiar.cms\bootstrap\app.php(53): Router->run()
#4 C:\xampp\htdocs\peculiar.cms\public\index.php(1): require_once('C:\\xampp\\htdocs...')
#5 {main}
  thrown in C:\xampp\htdocs\peculiar.cms\core\View.php on line 17
[22-Feb-2021 19:49:30 Europe/Kiev] PHP Fatal error:  Uncaught TypeError: View::render(): Argument #2 ($params) must be of type array, string given, called in C:\xampp\htdocs\peculiar.cms\core\Controller.php on line 19 and defined in C:\xampp\htdocs\peculiar.cms\core\View.php:17
Stack trace:
#0 C:\xampp\htdocs\peculiar.cms\core\Controller.php(19): View->render('errors/index', '<li>Page Not Fo...')
#1 C:\xampp\htdocs\peculiar.cms\app\Controllers\ErrorController.php(12): Controller->render('errors/index', '<li>Page Not Fo...')
#2 C:\xampp\htdocs\peculiar.cms\core\Router.php(19): ErrorController->errors('<li>Page Not Fo...')
#3 C:\xampp\htdocs\peculiar.cms\bootstrap\app.php(53): Router->run()
#4 C:\xampp\htdocs\peculiar.cms\public\index.php(1): require_once('C:\\xampp\\htdocs...')
#5 {main}
  thrown in C:\xampp\htdocs\peculiar.cms\core\View.php on line 17
[22-Feb-2021 19:51:09 Europe/Kiev] PHP Warning:  Undefined variable $title in C:\xampp\htdocs\peculiar.cms\app\Views\errors\index.php on line 1
[22-Feb-2021 19:51:09 Europe/Kiev] PHP Warning:  Undefined variable $errors in C:\xampp\htdocs\peculiar.cms\app\Views\errors\index.php on line 3
[22-Feb-2021 19:51:10 Europe/Kiev] PHP Warning:  Undefined variable $title in C:\xampp\htdocs\peculiar.cms\app\Views\errors\index.php on line 1
[22-Feb-2021 19:51:10 Europe/Kiev] PHP Warning:  Undefined variable $errors in C:\xampp\htdocs\peculiar.cms\app\Views\errors\index.php on line 3
[22-Feb-2021 19:52:02 Europe/Kiev] PHP Warning:  Undefined variable $errors in C:\xampp\htdocs\peculiar.cms\app\Views\errors\index.php on line 3
[22-Feb-2021 19:52:03 Europe/Kiev] PHP Warning:  Undefined variable $errors in C:\xampp\htdocs\peculiar.cms\app\Views\errors\index.php on line 3
[22-Feb-2021 19:52:18 Europe/Kiev] PHP Warning:  Undefined variable $errors in C:\xampp\htdocs\peculiar.cms\app\Views\errors\index.php on line 3
[22-Feb-2021 19:52:18 Europe/Kiev] PHP Warning:  Undefined variable $errors in C:\xampp\htdocs\peculiar.cms\app\Views\errors\index.php on line 3
[24-Feb-2021 19:40:24 Europe/Kiev] PHP Warning:  The magic method Connection::__wakeup() must have public visibility in C:\xampp\htdocs\peculiar.cms\core\Connection.php on line 15
[24-Feb-2021 19:41:07 Europe/Kiev] PHP Warning:  The magic method Connection::__wakeup() must have public visibility in C:\xampp\htdocs\peculiar.cms\core\Connection.php on line 15
[24-Feb-2021 19:47:58 Europe/Kiev] PHP Fatal error:  Uncaught Error: Typed static property Model::$pk must not be accessed before initialization in C:\xampp\htdocs\peculiar.cms\core\Model.php:21
Stack trace:
#0 C:\xampp\htdocs\peculiar.cms\app\Controllers\Admin\CategoryController.php(36): Model->getByPK('1')
#1 C:\xampp\htdocs\peculiar.cms\core\Router.php(60): CategoryController->edit(Array)
#2 C:\xampp\htdocs\peculiar.cms\core\Router.php(30): Router->init('C:\\xampp\\htdocs...', Object(CategoryController), 'edit', Array)
#3 C:\xampp\htdocs\peculiar.cms\bootstrap\app.php(53): Router->run()
#4 C:\xampp\htdocs\peculiar.cms\public\index.php(1): require_once('C:\\xampp\\htdocs...')
#5 {main}
  thrown in C:\xampp\htdocs\peculiar.cms\core\Model.php on line 21
[24-Feb-2021 20:18:31 Europe/Kiev] PHP Warning:  Undefined array key "status" in C:\xampp\htdocs\peculiar.cms\app\Controllers\Admin\CategoryController.php on line 21
[24-Feb-2021 20:18:31 Europe/Kiev] PHP Fatal error:  Uncaught TypeError: View::render(): Argument #2 ($params) must be of type array, string given, called in C:\xampp\htdocs\peculiar.cms\core\Controller.php on line 22 and defined in C:\xampp\htdocs\peculiar.cms\core\View.php:17
Stack trace:
#0 C:\xampp\htdocs\peculiar.cms\core\Controller.php(22): View->render('errors/index', 'SQLSTATE[HY093]...')
#1 C:\xampp\htdocs\peculiar.cms\app\Controllers\ErrorController.php(12): Controller->render('errors/index', 'SQLSTATE[HY093]...')
#2 C:\xampp\htdocs\peculiar.cms\core\Router.php(63): ErrorController->errors('SQLSTATE[HY093]...')
#3 C:\xampp\htdocs\peculiar.cms\core\Router.php(16): Router->init('C:\\xampp\\htdocs...', Object(CategoryController), 'store')
#4 C:\xampp\htdocs\peculiar.cms\bootstrap\app.php(53): Router->run()
#5 C:\xampp\htdocs\peculiar.cms\public\index.php(1): require_once('C:\\xampp\\htdocs...')
#6 {main}
  thrown in C:\xampp\htdocs\peculiar.cms\core\View.php on line 17
[24-Feb-2021 20:20:19 Europe/Kiev] PHP Warning:  Undefined array key "status" in C:\xampp\htdocs\peculiar.cms\app\Controllers\Admin\CategoryController.php on line 21
[24-Feb-2021 20:20:19 Europe/Kiev] PHP Fatal error:  Uncaught TypeError: View::render(): Argument #2 ($params) must be of type array, string given, called in C:\xampp\htdocs\peculiar.cms\core\Controller.php on line 22 and defined in C:\xampp\htdocs\peculiar.cms\core\View.php:17
Stack trace:
#0 C:\xampp\htdocs\peculiar.cms\core\Controller.php(22): View->render('errors/index', 'SQLSTATE[HY093]...')
#1 C:\xampp\htdocs\peculiar.cms\app\Controllers\ErrorController.php(12): Controller->render('errors/index', 'SQLSTATE[HY093]...')
#2 C:\xampp\htdocs\peculiar.cms\core\Router.php(63): ErrorController->errors('SQLSTATE[HY093]...')
#3 C:\xampp\htdocs\peculiar.cms\core\Router.php(16): Router->init('C:\\xampp\\htdocs...', Object(CategoryController), 'store')
#4 C:\xampp\htdocs\peculiar.cms\bootstrap\app.php(53): Router->run()
#5 C:\xampp\htdocs\peculiar.cms\public\index.php(1): require_once('C:\\xampp\\htdocs...')
#6 {main}
  thrown in C:\xampp\htdocs\peculiar.cms\core\View.php on line 17
[24-Feb-2021 20:21:06 Europe/Kiev] PHP Warning:  Undefined array key "status" in C:\xampp\htdocs\peculiar.cms\app\Controllers\Admin\CategoryController.php on line 22
[24-Feb-2021 20:21:07 Europe/Kiev] PHP Fatal error:  Uncaught TypeError: View::render(): Argument #2 ($params) must be of type array, string given, called in C:\xampp\htdocs\peculiar.cms\core\Controller.php on line 22 and defined in C:\xampp\htdocs\peculiar.cms\core\View.php:17
Stack trace:
#0 C:\xampp\htdocs\peculiar.cms\core\Controller.php(22): View->render('errors/index', 'SQLSTATE[HY093]...')
#1 C:\xampp\htdocs\peculiar.cms\app\Controllers\ErrorController.php(12): Controller->render('errors/index', 'SQLSTATE[HY093]...')
#2 C:\xampp\htdocs\peculiar.cms\core\Router.php(63): ErrorController->errors('SQLSTATE[HY093]...')
#3 C:\xampp\htdocs\peculiar.cms\core\Router.php(16): Router->init('C:\\xampp\\htdocs...', Object(CategoryController), 'store')
#4 C:\xampp\htdocs\peculiar.cms\bootstrap\app.php(53): Router->run()
#5 C:\xampp\htdocs\peculiar.cms\public\index.php(1): require_once('C:\\xampp\\htdocs...')
#6 {main}
  thrown in C:\xampp\htdocs\peculiar.cms\core\View.php on line 17
[24-Feb-2021 20:22:36 Europe/Kiev] PHP Fatal error:  Uncaught TypeError: View::render(): Argument #2 ($params) must be of type array, string given, called in C:\xampp\htdocs\peculiar.cms\core\Controller.php on line 22 and defined in C:\xampp\htdocs\peculiar.cms\core\View.php:17
Stack trace:
#0 C:\xampp\htdocs\peculiar.cms\core\Controller.php(22): View->render('errors/index', 'SQLSTATE[HY093]...')
#1 C:\xampp\htdocs\peculiar.cms\app\Controllers\ErrorController.php(12): Controller->render('errors/index', 'SQLSTATE[HY093]...')
#2 C:\xampp\htdocs\peculiar.cms\core\Router.php(63): ErrorController->errors('SQLSTATE[HY093]...')
#3 C:\xampp\htdocs\peculiar.cms\core\Router.php(16): Router->init('C:\\xampp\\htdocs...', Object(CategoryController), 'store')
#4 C:\xampp\htdocs\peculiar.cms\bootstrap\app.php(53): Router->run()
#5 C:\xampp\htdocs\peculiar.cms\public\index.php(1): require_once('C:\\xampp\\htdocs...')
#6 {main}
  thrown in C:\xampp\htdocs\peculiar.cms\core\View.php on line 17
[24-Feb-2021 20:28:32 Europe/Kiev] PHP Fatal error:  Uncaught TypeError: View::render(): Argument #2 ($params) must be of type array, string given, called in C:\xampp\htdocs\peculiar.cms\core\Controller.php on line 22 and defined in C:\xampp\htdocs\peculiar.cms\core\View.php:17
Stack trace:
#0 C:\xampp\htdocs\peculiar.cms\core\Controller.php(22): View->render('errors/index', 'SQLSTATE[HY093]...')
#1 C:\xampp\htdocs\peculiar.cms\app\Controllers\ErrorController.php(12): Controller->render('errors/index', 'SQLSTATE[HY093]...')
#2 C:\xampp\htdocs\peculiar.cms\core\Router.php(63): ErrorController->errors('SQLSTATE[HY093]...')
#3 C:\xampp\htdocs\peculiar.cms\core\Router.php(16): Router->init('C:\\xampp\\htdocs...', Object(CategoryController), 'store')
#4 C:\xampp\htdocs\peculiar.cms\bootstrap\app.php(53): Router->run()
#5 C:\xampp\htdocs\peculiar.cms\public\index.php(1): require_once('C:\\xampp\\htdocs...')
#6 {main}
  thrown in C:\xampp\htdocs\peculiar.cms\core\View.php on line 17
[24-Feb-2021 20:30:19 Europe/Kiev] PHP Warning:  Undefined array key "status" in C:\xampp\htdocs\peculiar.cms\app\Controllers\Admin\CategoryController.php on line 22
[24-Feb-2021 20:30:19 Europe/Kiev] PHP Fatal error:  Uncaught TypeError: View::render(): Argument #2 ($params) must be of type array, string given, called in C:\xampp\htdocs\peculiar.cms\core\Controller.php on line 22 and defined in C:\xampp\htdocs\peculiar.cms\core\View.php:17
Stack trace:
#0 C:\xampp\htdocs\peculiar.cms\core\Controller.php(22): View->render('errors/index', 'SQLSTATE[HY093]...')
#1 C:\xampp\htdocs\peculiar.cms\app\Controllers\ErrorController.php(12): Controller->render('errors/index', 'SQLSTATE[HY093]...')
#2 C:\xampp\htdocs\peculiar.cms\core\Router.php(63): ErrorController->errors('SQLSTATE[HY093]...')
#3 C:\xampp\htdocs\peculiar.cms\core\Router.php(16): Router->init('C:\\xampp\\htdocs...', Object(CategoryController), 'store')
#4 C:\xampp\htdocs\peculiar.cms\bootstrap\app.php(53): Router->run()
#5 C:\xampp\htdocs\peculiar.cms\public\index.php(1): require_once('C:\\xampp\\htdocs...')
#6 {main}
  thrown in C:\xampp\htdocs\peculiar.cms\core\View.php on line 17
[24-Feb-2021 20:30:42 Europe/Kiev] PHP Fatal error:  Uncaught TypeError: View::render(): Argument #2 ($params) must be of type array, string given, called in C:\xampp\htdocs\peculiar.cms\core\Controller.php on line 22 and defined in C:\xampp\htdocs\peculiar.cms\core\View.php:17
Stack trace:
#0 C:\xampp\htdocs\peculiar.cms\core\Controller.php(22): View->render('errors/index', 'SQLSTATE[HY093]...')
#1 C:\xampp\htdocs\peculiar.cms\app\Controllers\ErrorController.php(12): Controller->render('errors/index', 'SQLSTATE[HY093]...')
#2 C:\xampp\htdocs\peculiar.cms\core\Router.php(63): ErrorController->errors('SQLSTATE[HY093]...')
#3 C:\xampp\htdocs\peculiar.cms\core\Router.php(16): Router->init('C:\\xampp\\htdocs...', Object(CategoryController), 'store')
#4 C:\xampp\htdocs\peculiar.cms\bootstrap\app.php(53): Router->run()
#5 C:\xampp\htdocs\peculiar.cms\public\index.php(1): require_once('C:\\xampp\\htdocs...')
#6 {main}
  thrown in C:\xampp\htdocs\peculiar.cms\core\View.php on line 17
[24-Feb-2021 20:31:51 Europe/Kiev] PHP Fatal error:  Uncaught TypeError: View::render(): Argument #2 ($params) must be of type array, string given, called in C:\xampp\htdocs\peculiar.cms\core\Controller.php on line 22 and defined in C:\xampp\htdocs\peculiar.cms\core\View.php:17
Stack trace:
#0 C:\xampp\htdocs\peculiar.cms\core\Controller.php(22): View->render('errors/index', 'SQLSTATE[HY093]...')
#1 C:\xampp\htdocs\peculiar.cms\app\Controllers\ErrorController.php(12): Controller->render('errors/index', 'SQLSTATE[HY093]...')
#2 C:\xampp\htdocs\peculiar.cms\core\Router.php(63): ErrorController->errors('SQLSTATE[HY093]...')
#3 C:\xampp\htdocs\peculiar.cms\core\Router.php(16): Router->init('C:\\xampp\\htdocs...', Object(CategoryController), 'store')
#4 C:\xampp\htdocs\peculiar.cms\bootstrap\app.php(53): Router->run()
#5 C:\xampp\htdocs\peculiar.cms\public\index.php(1): require_once('C:\\xampp\\htdocs...')
#6 {main}
  thrown in C:\xampp\htdocs\peculiar.cms\core\View.php on line 17
[24-Feb-2021 20:33:00 Europe/Kiev] PHP Fatal error:  Uncaught TypeError: View::render(): Argument #2 ($params) must be of type array, string given, called in C:\xampp\htdocs\peculiar.cms\core\Controller.php on line 22 and defined in C:\xampp\htdocs\peculiar.cms\core\View.php:17
Stack trace:
#0 C:\xampp\htdocs\peculiar.cms\core\Controller.php(22): View->render('errors/index', 'SQLSTATE[HY093]...')
#1 C:\xampp\htdocs\peculiar.cms\app\Controllers\ErrorController.php(12): Controller->render('errors/index', 'SQLSTATE[HY093]...')
#2 C:\xampp\htdocs\peculiar.cms\core\Router.php(63): ErrorController->errors('SQLSTATE[HY093]...')
#3 C:\xampp\htdocs\peculiar.cms\core\Router.php(16): Router->init('C:\\xampp\\htdocs...', Object(CategoryController), 'store')
#4 C:\xampp\htdocs\peculiar.cms\bootstrap\app.php(53): Router->run()
#5 C:\xampp\htdocs\peculiar.cms\public\index.php(1): require_once('C:\\xampp\\htdocs...')
#6 {main}
  thrown in C:\xampp\htdocs\peculiar.cms\core\View.php on line 17
[24-Feb-2021 20:33:21 Europe/Kiev] PHP Warning:  Undefined array key "status" in C:\xampp\htdocs\peculiar.cms\app\Controllers\Admin\CategoryController.php on line 22
[24-Feb-2021 20:33:21 Europe/Kiev] PHP Fatal error:  Uncaught TypeError: View::render(): Argument #2 ($params) must be of type array, string given, called in C:\xampp\htdocs\peculiar.cms\core\Controller.php on line 22 and defined in C:\xampp\htdocs\peculiar.cms\core\View.php:17
Stack trace:
#0 C:\xampp\htdocs\peculiar.cms\core\Controller.php(22): View->render('errors/index', 'SQLSTATE[HY093]...')
#1 C:\xampp\htdocs\peculiar.cms\app\Controllers\ErrorController.php(12): Controller->render('errors/index', 'SQLSTATE[HY093]...')
#2 C:\xampp\htdocs\peculiar.cms\core\Router.php(63): ErrorController->errors('SQLSTATE[HY093]...')
#3 C:\xampp\htdocs\peculiar.cms\core\Router.php(16): Router->init('C:\\xampp\\htdocs...', Object(CategoryController), 'store')
#4 C:\xampp\htdocs\peculiar.cms\bootstrap\app.php(53): Router->run()
#5 C:\xampp\htdocs\peculiar.cms\public\index.php(1): require_once('C:\\xampp\\htdocs...')
#6 {main}
  thrown in C:\xampp\htdocs\peculiar.cms\core\View.php on line 17
[24-Feb-2021 20:34:44 Europe/Kiev] PHP Warning:  Undefined array key "status" in C:\xampp\htdocs\peculiar.cms\app\Controllers\Admin\CategoryController.php on line 22
[24-Feb-2021 20:36:38 Europe/Kiev] PHP Warning:  Undefined array key "status" in C:\xampp\htdocs\peculiar.cms\app\Controllers\Admin\CategoryController.php on line 23
[24-Feb-2021 20:37:56 Europe/Kiev] PHP Warning:  Undefined array key "status" in C:\xampp\htdocs\peculiar.cms\app\Controllers\Admin\CategoryController.php on line 23
[24-Feb-2021 20:41:07 Europe/Kiev] PHP Warning:  Undefined array key "status" in C:\xampp\htdocs\peculiar.cms\app\Controllers\Admin\CategoryController.php on line 29
[26-Feb-2021 20:46:05 Europe/Kiev] PHP Warning:  Undefined array key "status" in C:\xampp\htdocs\peculiar.cms\app\Controllers\Admin\ProductController.php on line 27
[26-Feb-2021 20:46:05 Europe/Kiev] PHP Warning:  Undefined array key "is_new" in C:\xampp\htdocs\peculiar.cms\app\Controllers\Admin\ProductController.php on line 28
[26-Feb-2021 21:03:01 Europe/Kiev] PHP Fatal error:  Uncaught TypeError: View::render(): Argument #2 ($params) must be of type array, string given, called in C:\xampp\htdocs\peculiar.cms\core\Controller.php on line 22 and defined in C:\xampp\htdocs\peculiar.cms\core\View.php:17
Stack trace:
#0 C:\xampp\htdocs\peculiar.cms\core\Controller.php(22): View->render('errors/index', 'SQLSTATE[42S22]...')
#1 C:\xampp\htdocs\peculiar.cms\app\Controllers\ErrorController.php(12): Controller->render('errors/index', 'SQLSTATE[42S22]...')
#2 C:\xampp\htdocs\peculiar.cms\core\Router.php(66): ErrorController->errors('SQLSTATE[42S22]...')
#3 C:\xampp\htdocs\peculiar.cms\core\Router.php(16): Router->init('C:\\xampp\\htdocs...', Object(HomeController), 'getProducts')
#4 C:\xampp\htdocs\peculiar.cms\bootstrap\app.php(53): Router->run()
#5 C:\xampp\htdocs\peculiar.cms\public\index.php(1): require_once('C:\\xampp\\htdocs...')
#6 {main}
  thrown in C:\xampp\htdocs\peculiar.cms\core\View.php on line 17
[26-Feb-2021 21:03:50 Europe/Kiev] PHP Fatal error:  Uncaught TypeError: View::render(): Argument #2 ($params) must be of type array, string given, called in C:\xampp\htdocs\peculiar.cms\core\Controller.php on line 22 and defined in C:\xampp\htdocs\peculiar.cms\core\View.php:17
Stack trace:
#0 C:\xampp\htdocs\peculiar.cms\core\Controller.php(22): View->render('errors/index', 'SQLSTATE[42S22]...')
#1 C:\xampp\htdocs\peculiar.cms\app\Controllers\ErrorController.php(12): Controller->render('errors/index', 'SQLSTATE[42S22]...')
#2 C:\xampp\htdocs\peculiar.cms\core\Router.php(66): ErrorController->errors('SQLSTATE[42S22]...')
#3 C:\xampp\htdocs\peculiar.cms\core\Router.php(16): Router->init('C:\\xampp\\htdocs...', Object(HomeController), 'getProducts')
#4 C:\xampp\htdocs\peculiar.cms\bootstrap\app.php(53): Router->run()
#5 C:\xampp\htdocs\peculiar.cms\public\index.php(1): require_once('C:\\xampp\\htdocs...')
#6 {main}
  thrown in C:\xampp\htdocs\peculiar.cms\core\View.php on line 17
[01-Mar-2021 20:55:45 Europe/Kiev] PHP Warning:  Undefined property: LoginController::$logged_id in C:\xampp\htdocs\peculiar.cms\app\Controllers\LoginController.php on line 10
[01-Mar-2021 20:55:45 Europe/Kiev] PHP Warning:  Undefined array key "email" in C:\xampp\htdocs\peculiar.cms\app\Controllers\LoginController.php on line 14
[01-Mar-2021 20:55:45 Europe/Kiev] PHP Warning:  Undefined array key "password" in C:\xampp\htdocs\peculiar.cms\app\Controllers\LoginController.php on line 14
[01-Mar-2021 20:58:12 Europe/Kiev] PHP Warning:  Undefined property: LoginController::$logged_id in C:\xampp\htdocs\peculiar.cms\app\Controllers\LoginController.php on line 10
[01-Mar-2021 21:09:50 Europe/Kiev] PHP Warning:  Undefined property: LoginController::$logged_id in C:\xampp\htdocs\peculiar.cms\app\Controllers\LoginController.php on line 10
